Log file open, 09/18/17 17:43:26
LogWindows: LoadLibraryWithSearchPaths failed for file aqProf.dll. GetLastError=0
LogWindows: LoadLibraryWithSearchPaths failed for file VtuneApi.dll. GetLastError=0
LogWindows: LoadLibraryWithSearchPaths failed for file VtuneApi32e.dll. GetLastError=0
LogInit: Display: Running engine for game: UnrealEngineTry2
LogPlatformFile: Not using cached read wrapper
LogInit: Display: RandInit(-366420869) SRandInit(-366420869).
LogTaskGraph: Started task graph with 5 named threads and 14 total threads with 3 sets of task threads.
LogStats: Stats thread started at 0.154406
LogD3D11RHI: Aftermath initialized
LogPluginManager: Mounting plugin Paper2D
LogPluginManager: Mounting plugin LightPropagationVolume
LogPluginManager: Mounting plugin CodeLiteSourceCodeAccess
LogPluginManager: Mounting plugin GitSourceControl
LogPluginManager: Mounting plugin KDevelopSourceCodeAccess
LogPluginManager: Mounting plugin NullSourceCodeAccess
LogPluginManager: Mounting plugin PerforceSourceControl
LogPluginManager: Mounting plugin SubversionSourceControl
LogPluginManager: Mounting plugin UObjectPlugin
LogPluginManager: Mounting plugin VisualStudioSourceCodeAccess
LogPluginManager: Mounting plugin XCodeSourceCodeAccess
LogPluginManager: Mounting plugin AssetManagerEditor
LogPluginManager: Mounting plugin AudioCapture
LogPluginManager: Mounting plugin FacialAnimation
LogPluginManager: Mounting plugin GameplayTagsEditor
LogPluginManager: Mounting plugin MobileLauncherProfileWizard
LogPluginManager: Mounting plugin PluginBrowser
LogPluginManager: Mounting plugin SpeedTreeImporter
LogPluginManager: Mounting plugin AlembicImporter
LogPluginManager: Mounting plugin CharacterAI
LogPluginManager: Mounting plugin HTML5Networking
LogPluginManager: Mounting plugin Substance
LogPluginManager: Mounting plugin AndroidMedia
LogPluginManager: Mounting plugin AvfMedia
LogPluginManager: Mounting plugin MediaPlayerEditor
LogPluginManager: Mounting plugin WmfMedia
LogPluginManager: Mounting plugin TcpMessaging
LogPluginManager: Mounting plugin UdpMessaging
LogPluginManager: Mounting plugin LevelSequenceEditor
LogPluginManager: Mounting plugin MatineeToLevelSequence
LogPluginManager: Mounting plugin OnlineSubsystemGooglePlay
LogPluginManager: Mounting plugin OnlineSubsystemIOS
LogPluginManager: Mounting plugin OnlineSubsystem
LogPluginManager: Mounting plugin OnlineSubsystemNull
LogPluginManager: Mounting plugin OnlineSubsystemUtils
LogPluginManager: Mounting plugin AndroidDeviceProfileSelector
LogPluginManager: Mounting plugin AndroidMoviePlayer
LogPluginManager: Mounting plugin AndroidPermission
LogPluginManager: Mounting plugin AppleMoviePlayer
LogPluginManager: Mounting plugin ArchVisCharacter
LogPluginManager: Mounting plugin CableComponent
LogPluginManager: Mounting plugin CustomMeshComponent
LogPluginManager: Mounting plugin ExampleDeviceProfileSelector
LogPluginManager: Mounting plugin GoogleCloudMessaging
LogPluginManager: Mounting plugin ImmediatePhysics
LogPluginManager: Mounting plugin IOSDeviceProfileSelector
LogPluginManager: Mounting plugin LinuxDeviceProfileSelector
LogPluginManager: Mounting plugin LocationServicesBPLibrary
LogPluginManager: Mounting plugin MobilePatchingUtils
LogPluginManager: Mounting plugin OculusVR
LogPluginManager: Mounting plugin PhysXVehicles
LogPluginManager: Mounting plugin ProceduralMeshComponent
LogPluginManager: Mounting plugin RuntimePhysXCooking
LogPluginManager: Mounting plugin SteamVR
LogPluginManager: Mounting plugin WindowsMoviePlayer
LogInit: Using libcurl 7.47.1
LogInit:  - built for x86_64-pc-win32
LogInit:  - supports SSL with OpenSSL/1.0.2g
LogInit:  - supports HTTP deflate (compression) using libz 1.2.8
LogInit:  - other features:
LogInit:      CURL_VERSION_SSL
LogInit:      CURL_VERSION_LIBZ
LogInit:      CURL_VERSION_IPV6
LogInit:      CURL_VERSION_ASYNCHDNS
LogInit:      CURL_VERSION_LARGEFILE
LogInit:      CURL_VERSION_IDN
LogInit:  CurlRequestOptions (configurable via config and command line):
LogInit:  - bVerifyPeer = false  - Libcurl will NOT verify peer certificate
LogInit:  - bUseHttpProxy = false  - Libcurl will NOT use HTTP proxy
LogInit:  - bDontReuseConnections = false  - Libcurl will reuse connections
LogInit:  - CertBundlePath = nullptr  - Libcurl will use whatever was configured at build time.
LogInit: Build: ++UE4+Release-4.17-CL-3586342
LogInit: Engine Version: 4.17.1-3586342+++UE4+Release-4.17
LogInit: Compatible Engine Version: 4.17.0-3573198+++UE4+Release-4.17
LogInit: Net CL: 3573198
LogDevObjectVersion: Number of dev versions registered: 16
LogDevObjectVersion:   Dev-Blueprints (B0D832E4-1F89-4F0D-ACCF-7EB736FD4AA2): 10
LogDevObjectVersion:   Dev-Build (E1C64328-A22C-4D53-A36C-8E866417BD8C): 0
LogDevObjectVersion:   Dev-Core (375EC13C-06E4-48FB-B500-84F0262A717E): 2
LogDevObjectVersion:   Dev-Editor (E4B068ED-F494-42E9-A231-DA0B2E46BB41): 20
LogDevObjectVersion:   Dev-Framework (CFFC743F-43B0-4480-9391-14DF171D2073): 28
LogDevObjectVersion:   Dev-Mobile (B02B49B5-BB20-44E9-A304-32B752E40360): 0
LogDevObjectVersion:   Dev-Networking (A4E4105C-59A1-49B5-A7C5-40C4547EDFEE): 0
LogDevObjectVersion:   Dev-Online (39C831C9-5AE6-47DC-9A44-9C173E1C8E7C): 0
LogDevObjectVersion:   Dev-Physics (78F01B33-EBEA-4F98-B9B4-84EACCB95AA2): 0
LogDevObjectVersion:   Dev-Platform (6631380F-2D4D-43E0-8009-CF276956A95A): 0
LogDevObjectVersion:   Dev-Rendering (12F88B9F-8875-4AFC-A67C-D90C383ABD29): 19
LogDevObjectVersion:   Dev-Sequencer (7B5AE74C-D270-4C10-A958-57980B212A5A): 4
LogDevObjectVersion:   Dev-VR (D7296918-1DD6-4BDD-9DE2-64A83CC13884): 0
LogDevObjectVersion:   Dev-LoadTimes (C2A15278-BFE7-4AFE-6C17-90FF531DF755): 1
LogDevObjectVersion:   Private-Geometry (6EACA3D4-40EC-4CC1-B786-8BED09428FC5): 1
LogDevObjectVersion:   Dev-AnimPhys (29E575DD-E0A3-4627-9D10-D276232CDCEA): 7
LogInit: Compiled (64-bit): Aug 15 2017 02:05:26
LogInit: Compiled with Visual C++: 19.00.24215.01
LogInit: Build Configuration: Development
LogInit: Branch Name: ++UE4+Release-4.17
LogInit: Command line:  
LogInit: Base directory: C:/Program Files/Epic Games/UE_4.17/Engine/Binaries/Win64/
LogInit: Installed Engine Build: 1
LogInit: Presizing for max 8388607 objects, including 0 objects not considered by GC, pre-allocating 0 bytes for permanent pool.
LogInit: Object subsystem initialized
[2017.09.18-16.43.27:076][  0]LogInit: Selected Device Profile: [Windows]
[2017.09.18-16.43.27:076][  0]LogInit: Applying CVar settings loaded from the selected device profile: [Windows]
[2017.09.18-16.43.27:084][  0]LogInit: Computer: WINDOWS-7CI49S2
[2017.09.18-16.43.27:084][  0]LogInit: User: AmplifiedRobotChris
[2017.09.18-16.43.27:084][  0]LogInit: CPU Page size=4096, Cores=4
[2017.09.18-16.43.27:084][  0]LogInit: High frequency timer resolution =3.515630 MHz
[2017.09.18-16.43.27:085][  0]LogMemory: Memory total: Physical=15.9GB (16GB approx)
[2017.09.18-16.43.27:085][  0]LogMemory: Platform Memory Stats for Windows
[2017.09.18-16.43.27:085][  0]LogMemory: Process Physical Memory: 279.04 MB used, 279.04 MB peak
[2017.09.18-16.43.27:085][  0]LogMemory: Process Virtual Memory: 282.37 MB used, 282.37 MB peak
[2017.09.18-16.43.27:085][  0]LogMemory: Physical Memory: 6624.50 MB used,  9702.52 MB free, 16327.02 MB total
[2017.09.18-16.43.27:085][  0]LogMemory: Virtual Memory: 681.88 MB used,  9702.52 MB free, 134217728.00 MB total
[2017.09.18-16.43.27:210][  0]LogInit: Using OS detected language (en-US).
[2017.09.18-16.43.27:210][  0]LogInit: Using OS detected locale (en-GB).
[2017.09.18-16.43.27:212][  0]LogTextLocalizationManager: No specific localization for 'en-US' exists, so the 'en' localization will be used.
[2017.09.18-16.43.27:755][  0]LogD3D11RHI: D3D11 adapters:
[2017.09.18-16.43.27:795][  0]LogD3D11RHI:    0. 'NVIDIA GeForce GTX 1080' (Feature Level 11_0)
[2017.09.18-16.43.27:795][  0]LogD3D11RHI:       8110/0/8163 MB DedicatedVideo/DedicatedSystem/SharedSystem, Outputs:1, VendorId:0x10de
[2017.09.18-16.43.27:795][  0]LogD3D11RHI:    1. 'Microsoft Basic Render Driver' (Feature Level 11_0)
[2017.09.18-16.43.27:795][  0]LogD3D11RHI:       0/0/8163 MB DedicatedVideo/DedicatedSystem/SharedSystem, Outputs:0, VendorId:0x1414
[2017.09.18-16.43.27:795][  0]LogD3D11RHI: Chosen D3D11 Adapter: 0
[2017.09.18-16.43.27:801][  0]LogD3D11RHI: Creating new Direct3DDevice
[2017.09.18-16.43.27:801][  0]LogD3D11RHI:     GPU DeviceId: 0x1b80 (for the marketing name, search the web for "GPU Device Id")
[2017.09.18-16.43.27:801][  0]LogWindows: EnumDisplayDevices:
[2017.09.18-16.43.27:801][  0]LogWindows:    0. 'NVIDIA GeForce GTX 1080' (P:1 D:1)
[2017.09.18-16.43.27:801][  0]LogWindows:    1. 'NVIDIA GeForce GTX 1080' (P:0 D:0)
[2017.09.18-16.43.27:801][  0]LogWindows:    2. 'NVIDIA GeForce GTX 1080' (P:0 D:0)
[2017.09.18-16.43.27:801][  0]LogWindows:    3. 'NVIDIA GeForce GTX 1080' (P:0 D:0)
[2017.09.18-16.43.27:801][  0]LogWindows: DebugString: FoundDriverCount:4 
[2017.09.18-16.43.27:801][  0]LogD3D11RHI:     Adapter Name: NVIDIA GeForce GTX 1080
[2017.09.18-16.43.27:801][  0]LogD3D11RHI:   Driver Version: 382.05 (internal:22.21.13.8205, unified:382.05)
[2017.09.18-16.43.27:801][  0]LogD3D11RHI:      Driver Date: 5-1-2017
[2017.09.18-16.43.27:801][  0]LogRHI: Texture pool is 1361 MB (70% of 1945 MB)
[2017.09.18-16.43.27:827][  0]LogD3D11RHI: Async texture creation enabled
[2017.09.18-16.43.27:836][  0]LogD3D11RHI: GPU Timing Frequency: 1000.000000 (Debug: 2 1)
[2017.09.18-16.43.27:883][  0]LogShaderCompilers: Guid format shader working directory is -31 characters bigger than the processId version (../../../../../../Users/AmplifiedRobot-Chris/Documents/GitHub/Unreal-Try-2/UnrealEngineTry2/Intermediate/Shaders/WorkingDirectory/20936/).
[2017.09.18-16.43.27:883][  0]LogShaderCompilers: Cleaned the shader compiler working directory 'C:/Users/AmplifiedRobot-Chris/AppData/Local/Temp/UnrealShaderWorkingDir/AB2995B7417832C4C62B51ACD29D896B/'.
[2017.09.18-16.43.27:883][  0]LogShaderCompilers: Display: Using Local Shader Compiler.
[2017.09.18-16.43.28:560][  0]LogTemp: Display: Loaded TP AllDesktopTargetPlatform
[2017.09.18-16.43.28:600][  0]LogTemp: Display: Loaded TP MacClientTargetPlatform
[2017.09.18-16.43.28:641][  0]LogTemp: Display: Loaded TP MacNoEditorTargetPlatform
[2017.09.18-16.43.28:681][  0]LogTemp: Display: Loaded TP MacServerTargetPlatform
[2017.09.18-16.43.28:720][  0]LogTemp: Display: Loaded TP MacTargetPlatform
[2017.09.18-16.43.28:760][  0]LogTemp: Display: Loaded TP WindowsClientTargetPlatform
[2017.09.18-16.43.28:799][  0]LogTemp: Display: Loaded TP WindowsNoEditorTargetPlatform
[2017.09.18-16.43.28:838][  0]LogTemp: Display: Loaded TP WindowsServerTargetPlatform
[2017.09.18-16.43.28:872][  0]LogTemp: Display: Loaded TP WindowsTargetPlatform
[2017.09.18-16.43.28:911][  0]LogTemp: Display: Loaded TP AndroidTargetPlatform
[2017.09.18-16.43.28:949][  0]LogTemp: Display: Loaded TP Android_ASTCTargetPlatform
[2017.09.18-16.43.28:987][  0]LogTemp: Display: Loaded TP Android_ATCTargetPlatform
[2017.09.18-16.43.29:026][  0]LogTemp: Display: Loaded TP Android_DXTTargetPlatform
[2017.09.18-16.43.29:067][  0]LogTemp: Display: Loaded TP Android_ETC1TargetPlatform
[2017.09.18-16.43.29:106][  0]LogTemp: Display: Loaded TP Android_ETC2TargetPlatform
[2017.09.18-16.43.29:182][  0]LogTemp: Display: Loaded TP Android_MultiTargetPlatform
[2017.09.18-16.43.29:182][  0]LogTemp: Display: Loaded TP Android_PVRTCTargetPlatform
[2017.09.18-16.43.29:212][  0]LogTemp: Display: Loaded TP HTML5TargetPlatform
[2017.09.18-16.43.29:290][  0]LogTemp: Display: Loaded TP IOSTargetPlatform
[2017.09.18-16.43.29:314][  0]LogTemp: Display: Loaded TP TVOSTargetPlatform
[2017.09.18-16.43.29:351][  0]LogTemp: Display: Loaded TP LinuxClientTargetPlatform
[2017.09.18-16.43.29:389][  0]LogTemp: Display: Loaded TP LinuxNoEditorTargetPlatform
[2017.09.18-16.43.29:426][  0]LogTemp: Display: Loaded TP LinuxServerTargetPlatform
[2017.09.18-16.43.29:463][  0]LogTemp: Display: Loaded TP LinuxTargetPlatform
[2017.09.18-16.43.29:463][  0]LogTargetPlatformManager: Display: Building Assets For Windows
[2017.09.18-16.43.29:838][  0]LogDerivedDataCache: Display: Max Cache Size: 512 MB
[2017.09.18-16.43.29:907][  0]LogDerivedDataCache: Loaded boot cache 0.07s 93MB C:/Users/AmplifiedRobot-Chris/AppData/Local/UnrealEngine/4.17/DerivedDataCache/Boot.ddc.
[2017.09.18-16.43.29:907][  0]LogDerivedDataCache: Display: Loaded Boot cache: C:/Users/AmplifiedRobot-Chris/AppData/Local/UnrealEngine/4.17/DerivedDataCache/Boot.ddc
[2017.09.18-16.43.29:907][  0]LogDerivedDataCache: FDerivedDataBackendGraph:  Pak pak cache file ../../../../../../Users/AmplifiedRobot-Chris/Documents/GitHub/Unreal-Try-2/UnrealEngineTry2/DerivedDataCache/DDC.ddp not found, will not use a pak cache.
[2017.09.18-16.43.29:907][  0]LogDerivedDataCache: Unable to find inner node Pak for hierarchical cache Hierarchy.
[2017.09.18-16.43.29:907][  0]LogDerivedDataCache: FDerivedDataBackendGraph:  CompressedPak pak cache file ../../../../../../Users/AmplifiedRobot-Chris/Documents/GitHub/Unreal-Try-2/UnrealEngineTry2/DerivedDataCache/Compressed.ddp not found, will not use a pak cache.
[2017.09.18-16.43.29:907][  0]LogDerivedDataCache: Unable to find inner node CompressedPak for hierarchical cache Hierarchy.
[2017.09.18-16.43.29:919][  0]LogDerivedDataCache: Display: Pak cache opened for reading ../../../Engine/DerivedDataCache/Compressed.ddp.
[2017.09.18-16.43.29:931][  0]LogDerivedDataCache: Using Local data cache path C:/Users/AmplifiedRobot-Chris/AppData/Local/UnrealEngine/Common/DerivedDataCache: Writable
[2017.09.18-16.43.29:938][  0]LogMaterial: Verifying Global Shaders for PCD3D_SM5
[2017.09.18-16.43.29:939][  0]LogSlate: Using Freetype 2.6.0
[2017.09.18-16.43.29:939][  0]LogSlate: SlateFontCache - WITH_FREETYPE: 1, WITH_HARFBUZZ: 1
[2017.09.18-16.43.29:939][  0]LogSlate: SlateFontCache - WITH_FREETYPE: 1, WITH_HARFBUZZ: 1
[2017.09.18-16.43.30:130][  0]LogAssetRegistry: FAssetRegistry took 0.0248 seconds to start up
[2017.09.18-16.43.30:219][  0]LogInit: Selected Device Profile: [Windows]
[2017.09.18-16.43.30:331][  0]LogContentStreaming: Texture pool size is 0.00 MB
[2017.09.18-16.43.30:558][  0]LogSimplygon: Simplygon DLL not present - disabling.
[2017.09.18-16.43.30:589][  0]LogMeshReduction: Using SimplygonSwarm for distributed automatic mesh merging
[2017.09.18-16.43.30:589][  0]LogMeshReduction: Using QuadricMeshReduction for automatic static mesh reduction
[2017.09.18-16.43.30:589][  0]LogMeshReduction: No automatic skeletal mesh reduction module available
[2017.09.18-16.43.30:589][  0]LogMeshReduction: No automatic mesh merging module available
[2017.09.18-16.43.30:589][  0]LogMeshMerging: No automatic mesh merging module available
[2017.09.18-16.43.30:848][  0]LogNetVersion: UnrealEngineTry2 , NetCL: 3573198, EngineNetVer: 2, GameNetVer: 0 (Checksum: 842304909)
[2017.09.18-16.43.31:010][  0]LogPackageLocalizationCache: Processed 5 localized package path(s) for 2 prioritized culture(s) in 0.039095 seconds
[2017.09.18-16.43.31:014][  0]LogUObjectArray: 35825 objects as part of root set at end of initial load.
[2017.09.18-16.43.31:014][  0]LogUObjectAllocator: 7529104 out of 0 bytes used by permanent object pool.
[2017.09.18-16.43.31:014][  0]LogUObjectArray: CloseDisregardForGC: 0/0 objects in disregard for GC pool
[2017.09.18-16.43.31:063][  0]LogInit: WinSock: version 1.1 (2.2), MaxSocks=32767, MaxUdp=65467
[2017.09.18-16.43.32:980][  0]LogSubstanceCoreModule: Substance [CPU] Engine Loaded, Max Texture Size = 2048
[2017.09.18-16.43.33:002][  0]LogTcpMessaging: Initializing TcpMessaging bridge
[2017.09.18-16.43.33:035][  0]LogUdpMessaging: Initializing bridge on interface 0.0.0.0:0 to multicast group 230.0.0.1:6666.
[2017.09.18-16.43.33:520][  0]LogMaterial: Uniform references updated for custom material expression Custom.
[2017.09.18-16.43.33:832][  0]SourceControl: Source control is disabled
[2017.09.18-16.43.33:832][  0]SourceControl: Source control is disabled
[2017.09.18-16.43.33:868][  0]SourceControl: Source control is disabled
[2017.09.18-16.43.33:904][  0]SourceControl: Source control is disabled
[2017.09.18-16.43.34:340][  0]LogAndroidPermission: UAndroidPermissionCallbackProxy::GetInstance
[2017.09.18-16.43.34:525][  0]LogOcInput: OculusInput pre-init called
[2017.09.18-16.43.34:847][  0]LogEngine: Initializing Engine...
[2017.09.18-16.43.34:862][  0]LogHMD: Failed to initialize OpenVR with code 126
[2017.09.18-16.43.35:028][  0]LogStats: UGameplayTagsManager::ConstructGameplayTagTree: Construct from data asset -  0.000 s
[2017.09.18-16.43.35:028][  0]LogStats: UGameplayTagsManager::ConstructGameplayTagTree: GameplayTagTreeChangedEvent.Broadcast -  0.000 s
[2017.09.18-16.43.35:125][  0]LogAIModule: Creating AISystem for world Untitled
[2017.09.18-16.43.35:135][  0]LogInit: XAudio2 using 'Headset Earphone (Microsoft LifeChat LX-3000)' : 2 channels at 48 kHz using 16 bits per sample (channel mask 0x3)
[2017.09.18-16.43.35:150][  0]LogInit: FAudioDevice initialized.
[2017.09.18-16.43.35:220][  0]LogDerivedDataCache: Saved boot cache 0.07s 93MB C:/Users/AmplifiedRobot-Chris/AppData/Local/UnrealEngine/4.17/DerivedDataCache/Boot.ddc.
[2017.09.18-16.43.35:233][  0]LogInit: Texture streaming: Enabled
[2017.09.18-16.43.35:321][  0]LogEngineSessionManager: EngineSessionManager initialized
[2017.09.18-16.43.35:485][  0]LogInit: Transaction tracking system initialized
[2017.09.18-16.43.35:721][  0]BlueprintLog: New page: Editor Load
[2017.09.18-16.43.36:396][  0]LocalizationService: Localization service is disabled
[2017.09.18-16.43.36:917][  0]LogConsoleResponse: Display: 
[2017.09.18-16.43.37:059][  0]LogCook: Display: Max memory allowance for cook 16384mb min free memory 0mb
[2017.09.18-16.43.37:059][  0]LogCook: Display: Mobile HDR setting 1
[2017.09.18-16.43.37:059][  0]LogGameplayTags: Display: UGameplayTagsManager::DoneAddingNativeTags. DelegateIsBound: 0
[2017.09.18-16.43.37:808][  0]LogFileCache: Scanning file cache for directory 'C:/Users/AmplifiedRobot-Chris/Documents/GitHub/Unreal-Try-2/UnrealEngineTry2/Content/' took 0.01s
[2017.09.18-16.43.37:842][  0]SourceControl: Source control is disabled
[2017.09.18-16.43.37:842][  0]Cmd: MAP LOAD FILE="../../../../../../Users/AmplifiedRobot-Chris/Documents/GitHub/Unreal-Try-2/UnrealEngineTry2/Content/StarterContent/Maps/Minimal_Default.umap" TEMPLATE=0 SHOWPROGRESS=1 FEATURELEVEL=3
[2017.09.18-16.43.37:842][  0]LightingResults: New page: Lighting Build
[2017.09.18-16.43.37:874][  0]MapCheck: New page: Map Check
[2017.09.18-16.43.37:874][  0]LightingResults: New page: Lighting Build
[2017.09.18-16.43.38:127][  0]LogAIModule: Creating AISystem for world Minimal_Default
[2017.09.18-16.43.38:134][  0]LogEditorServer: Finished looking for orphan Actors (0.000 secs)
[2017.09.18-16.43.38:145][  0]Cmd: MAP CHECKDEP NOCLEARLOG
[2017.09.18-16.43.38:183][  0]MapCheck: Map check complete: 0 Error(s), 0 Warning(s), took 37.757ms to complete.
[2017.09.18-16.43.38:183][  0]LogFileHelpers: Loading map 'Minimal_Default' took 0.341
[2017.09.18-16.43.38:288][  0]LogCollectionManager: Loaded 0 collections in 0.001172 seconds
[2017.09.18-16.43.38:354][  0]LogFileCache: Scanning file cache for directory 'C:/Users/AmplifiedRobot-Chris/Documents/GitHub/Unreal-Try-2/UnrealEngineTry2/Saved/Collections/' took 0.01s
[2017.09.18-16.43.38:354][  0]LogFileCache: Scanning file cache for directory 'C:/Users/AmplifiedRobot-Chris/Documents/GitHub/Unreal-Try-2/UnrealEngineTry2/Content/Developers/AmplifiedRobotChris/Collections/' took 0.01s
[2017.09.18-16.43.38:354][  0]LogFileCache: Scanning file cache for directory 'C:/Users/AmplifiedRobot-Chris/Documents/GitHub/Unreal-Try-2/UnrealEngineTry2/Content/Collections/' took 0.01s
[2017.09.18-16.43.38:354][  0]LogCollectionManager: Rebuilt the GUID cache for 0 collections in 0.000001 seconds
[2017.09.18-16.43.38:361][  0]LogContentBrowser: Native class hierarchy populated in 0.0064 seconds. Added 2400 classes and 506 folders.
[2017.09.18-16.43.38:409][  0]LogContentBrowser: Native class hierarchy updated for 'WidgetCarousel' in 0.0005 seconds. Added 0 classes and 0 folders.
[2017.09.18-16.43.38:436][  0]LogContentBrowser: Native class hierarchy updated for 'AddContentDialog' in 0.0005 seconds. Added 0 classes and 0 folders.
[2017.09.18-16.43.38:468][  0]LogContentBrowser: Native class hierarchy updated for 'SceneOutliner' in 0.0005 seconds. Added 1 classes and 2 folders.
[2017.09.18-16.43.38:486][  0]LogDirectoryWatcher: Warning: Failed to begin reading directory changes for ../../../../../../Users/AmplifiedRobot-Chris/Documents/GitHub/Unreal-Try-2/UnrealEngineTry2/Plugins/. Error: The system cannot find the file specified. (0x00000002)
[2017.09.18-16.43.38:489][  0]LogSlate: Took 0.000117 seconds to synchronously load lazily loaded font '../../../Engine/Content/Slate/Fonts/Roboto-Regular.ttf' (155K)
[2017.09.18-16.43.38:490][  0]LogSlate: Took 0.000105 seconds to synchronously load lazily loaded font '../../../Engine/Content/Slate/Fonts/Roboto-Bold.ttf' (160K)
[2017.09.18-16.43.38:493][  0]LogSlate: Took 0.000097 seconds to synchronously load lazily loaded font '../../../Engine/Content/Editor/Slate/Fonts/FontAwesome.ttf' (139K)
[2017.09.18-16.43.38:568][  0]LogRenderer: Reallocating scene render targets to support 1020x576 Format 10 NumSamples 1 (Frame:1).
[2017.09.18-16.43.38:703][  0]LogContentBrowser: Native class hierarchy updated for 'HierarchicalLODOutliner' in 0.0005 seconds. Added 1 classes and 2 folders.
[2017.09.18-16.43.38:703][  0]LogLoad: (Engine Initialization) Total time: 12.89 seconds
[2017.09.18-16.43.38:703][  0]LogLoad: (Engine Initialization) Total Blueprint compile time: 0.00 seconds
[2017.09.18-16.43.38:704][  0]LogExternalProfiler: Found external profiler: VSPerf
[2017.09.18-16.43.38:704][  0]LogExternalProfiler: Using external profiler: VSPerf
[2017.09.18-16.43.39:058][  0]LogAssetRegistry: Asset discovery search completed in 8.9489 seconds
[2017.09.18-16.43.39:059][  0]LogCollectionManager: Rebuilt the object cache for 0 collections in 0.000000 seconds (found 0 objects)
[2017.09.18-16.43.39:059][  0]LogCollectionManager: Fixed up redirectors for 0 collections in 0.000033 seconds (updated 0 objects)
[2017.09.18-16.43.39:061][  0]LogContentStreaming: Texture pool size now 1000 MB
[2017.09.18-16.43.42:306][ 40]LogDirectoryWatcher: A directory notification for '../../../Engine/Plugins/' was aborted.
[2017.09.18-16.43.46:585][551]LogEditorViewport: Clicking on Actor (LMB): StaticMeshActor (Statue)
[2017.09.18-16.43.48:468][770]Cmd: DELETE
[2017.09.18-16.43.48:468][770]Cmd: ACTOR DELETE
[2017.09.18-16.43.48:470][770]LogEditorActor: Deleted Actor: StaticMeshActor
[2017.09.18-16.43.48:479][770]LogEditorActor: Deleted 1 Actors (0.010 secs)
[2017.09.18-16.44.26:210][290]LogSlate: Took 0.000177 seconds to synchronously load lazily loaded font '../../../Engine/Content/Slate/Fonts/Roboto-Light.ttf' (159K)
[2017.09.18-16.44.42:284][424]LogSlate: Took 0.000119 seconds to synchronously load lazily loaded font '../../../Engine/Content/Slate/Fonts/Roboto-Light.ttf' (159K)
[2017.09.18-16.44.42:383][424]LogSavePackage: Save=38.57ms
[2017.09.18-16.44.42:383][424]LogSavePackage: Moving '../../../../../../Users/AmplifiedRobot-Chris/Documents/GitHub/Unreal-Try-2/UnrealEngineTry2/Saved/Minimal_Default28A0C3B64B021931CECB61A4627DFBEB.tmp' to '../../../../../../Users/AmplifiedRobot-Chris/Documents/GitHub/Unreal-Try-2/UnrealEngineTry2/Content/StarterContent/Maps/Minimal_Default.umap'
[2017.09.18-16.44.42:387][424]LogSavePackage: Display: Finished SavePackage ../../../../../../Users/AmplifiedRobot-Chris/Documents/GitHub/Unreal-Try-2/UnrealEngineTry2/Content/StarterContent/Maps/Minimal_Default.umap
[2017.09.18-16.44.42:402][424]LogFileHelpers: Saving map 'Minimal_Default' took 0.111
[2017.09.18-16.44.47:201][992]LogSavePackage: Save=38.99ms
[2017.09.18-16.44.47:201][992]LogSavePackage: Moving '../../../../../../Users/AmplifiedRobot-Chris/Documents/GitHub/Unreal-Try-2/UnrealEngineTry2/Saved/Minimal_Default8534698A4487647E09B3DF989B5ACDED.tmp' to '../../../../../../Users/AmplifiedRobot-Chris/Documents/GitHub/Unreal-Try-2/UnrealEngineTry2/Content/StarterContent/Maps/Minimal_Default.umap'
[2017.09.18-16.44.47:202][992]LogSavePackage: Display: Finished SavePackage ../../../../../../Users/AmplifiedRobot-Chris/Documents/GitHub/Unreal-Try-2/UnrealEngineTry2/Content/StarterContent/Maps/Minimal_Default.umap
[2017.09.18-16.44.47:260][992]LogSavePackage: Save=36.84ms
[2017.09.18-16.44.47:260][992]LogSavePackage: Moving '../../../../../../Users/AmplifiedRobot-Chris/Documents/GitHub/Unreal-Try-2/UnrealEngineTry2/Saved/Minimal_Default_BuiltData3CCE93D542747A2DD3B19798F0CACB72.tmp' to '../../../../../../Users/AmplifiedRobot-Chris/Documents/GitHub/Unreal-Try-2/UnrealEngineTry2/Content/StarterContent/Maps/Minimal_Default_BuiltData.uasset'
[2017.09.18-16.44.47:261][992]LogSavePackage: Display: Finished SavePackage ../../../../../../Users/AmplifiedRobot-Chris/Documents/GitHub/Unreal-Try-2/UnrealEngineTry2/Content/StarterContent/Maps/Minimal_Default_BuiltData.uasset
[2017.09.18-16.45.11:017][833]LogWindowsTextInputMethodSystem: Display: IME system now deactivated.
[2017.09.18-16.45.11:161][834]Cmd: QUIT_EDITOR
[2017.09.18-16.45.11:198][834]LogExit: Preparing to exit.
[2017.09.18-16.45.12:080][834]LogDirectoryWatcher: A directory notification for 'C:/Users/AmplifiedRobot-Chris/Documents/GitHub/Unreal-Try-2/UnrealEngineTry2/Content/' was aborted.
[2017.09.18-16.45.12:091][834]LogExit: Editor shut down
[2017.09.18-16.45.12:096][834]LogExit: Transaction tracking system shut down
[2017.09.18-16.45.12:231][834]LogDirectoryWatcher: A directory notification for '../../../Engine/Content/' was aborted.
[2017.09.18-16.45.12:231][834]LogDirectoryWatcher: A directory notification for '../../../../../../Users/AmplifiedRobot-Chris/Documents/GitHub/Unreal-Try-2/UnrealEngineTry2/Content/' was aborted.
[2017.09.18-16.45.12:231][834]LogDirectoryWatcher: A directory notification for '../../../Engine/Plugins/2D/Paper2D/Content/' was aborted.
[2017.09.18-16.45.12:231][834]LogDirectoryWatcher: A directory notification for '../../../Engine/Plugins/Runtime/Oculus/OculusVR/Content/' was aborted.
[2017.09.18-16.45.12:231][834]LogDirectoryWatcher: A directory notification for '../../../Engine/Plugins/Runtime/Steam/SteamVR/Content/' was aborted.
[2017.09.18-16.45.12:258][834]LogExit: Object subsystem successfully closed.
[2017.09.18-16.45.12:267][834]LogD3D11RHI: Shutdown
[2017.09.18-16.45.12:267][834]LogD3D11RHI: CleanupD3DDevice
[2017.09.18-16.45.12:315][834]LogD3D11RHI: ~FD3D11DynamicRHI
[2017.09.18-16.45.12:328][834]LogModuleManager: Shutting down and abandoning module HierarchicalLODOutliner (536)
[2017.09.18-16.45.12:328][834]LogModuleManager: Shutting down and abandoning module SceneOutliner (534)
[2017.09.18-16.45.12:328][834]LogModuleManager: Shutting down and abandoning module AddContentDialog (532)
[2017.09.18-16.45.12:328][834]LogDirectoryWatcher: A directory notification for 'C:/Program Files/Epic Games/UE_4.17/FeaturePacks/' was aborted.
[2017.09.18-16.45.12:329][834]LogModuleManager: Shutting down and abandoning module WidgetCarousel (531)
[2017.09.18-16.45.12:329][834]LogModuleManager: Shutting down and abandoning module EditorWidgets (528)
[2017.09.18-16.45.12:329][834]LogModuleManager: Shutting down and abandoning module CollectionManager (526)
[2017.09.18-16.45.12:329][834]LogDirectoryWatcher: A directory notification for 'C:/Users/AmplifiedRobot-Chris/Documents/GitHub/Unreal-Try-2/UnrealEngineTry2/Content/Collections/' was aborted.
[2017.09.18-16.45.12:329][834]LogDirectoryWatcher: A directory notification for 'C:/Users/AmplifiedRobot-Chris/Documents/GitHub/Unreal-Try-2/UnrealEngineTry2/Content/Developers/AmplifiedRobotChris/Collections/' was aborted.
[2017.09.18-16.45.12:329][834]LogDirectoryWatcher: A directory notification for 'C:/Users/AmplifiedRobot-Chris/Documents/GitHub/Unreal-Try-2/UnrealEngineTry2/Saved/Collections/' was aborted.
[2017.09.18-16.45.12:329][834]LogModuleManager: Shutting down and abandoning module StatsViewer (524)
[2017.09.18-16.45.12:329][834]LogModuleManager: Shutting down and abandoning module FoliageEdit (522)
[2017.09.18-16.45.12:329][834]LogModuleManager: Shutting down and abandoning module LandscapeEditor (520)
[2017.09.18-16.45.12:329][834]LogModuleManager: Shutting down and abandoning module MeshPaintMode (518)
[2017.09.18-16.45.12:329][834]LogModuleManager: Shutting down and abandoning module SceneDepthPickerMode (516)
[2017.09.18-16.45.12:329][834]LogModuleManager: Shutting down and abandoning module ActorPickerMode (514)
[2017.09.18-16.45.12:329][834]LogModuleManager: Shutting down and abandoning module GeometryMode (512)
[2017.09.18-16.45.12:329][834]LogModuleManager: Shutting down and abandoning module TextureAlignMode (510)
[2017.09.18-16.45.12:329][834]LogModuleManager: Shutting down and abandoning module BspMode (508)
[2017.09.18-16.45.12:329][834]LogModuleManager: Shutting down and abandoning module PIEPreviewDeviceProfileSelector (506)
[2017.09.18-16.45.12:329][834]LogModuleManager: Shutting down and abandoning module HardwareSurvey (504)
[2017.09.18-16.45.12:329][834]LogModuleManager: Shutting down and abandoning module SequenceRecorderSections (502)
[2017.09.18-16.45.12:329][834]LogModuleManager: Shutting down and abandoning module AutomationWorker (500)
[2017.09.18-16.45.12:329][834]LogModuleManager: Shutting down and abandoning module MatineeToLevelSequence (498)
[2017.09.18-16.45.12:329][834]LogModuleManager: Shutting down and abandoning module LevelSequenceEditor (496)
[2017.09.18-16.45.12:329][834]LogModuleManager: Shutting down and abandoning module PlacementMode (495)
[2017.09.18-16.45.12:329][834]LogModuleManager: Shutting down and abandoning module WmfMediaFactory (492)
[2017.09.18-16.45.12:329][834]LogModuleManager: Shutting down and abandoning module WmfMediaEditor (490)
[2017.09.18-16.45.12:329][834]LogModuleManager: Shutting down and abandoning module AvfMediaFactory (488)
[2017.09.18-16.45.12:329][834]LogModuleManager: Shutting down and abandoning module AvfMediaEditor (486)
[2017.09.18-16.45.12:329][834]LogModuleManager: Shutting down and abandoning module AndroidMediaFactory (484)
[2017.09.18-16.45.12:329][834]LogModuleManager: Shutting down and abandoning module Media (483)
[2017.09.18-16.45.12:329][834]LogModuleManager: Shutting down and abandoning module AndroidMediaEditor (480)
[2017.09.18-16.45.12:329][834]LogModuleManager: Shutting down and abandoning module CharacterAI (478)
[2017.09.18-16.45.12:329][834]LogModuleManager: Shutting down and abandoning module AudioCapture (476)
[2017.09.18-16.45.12:329][834]LogModuleManager: Shutting down and abandoning module SequenceRecorder (475)
[2017.09.18-16.45.12:329][834]LogModuleManager: Shutting down and abandoning module SmartSnapping (472)
[2017.09.18-16.45.12:329][834]LogModuleManager: Shutting down and abandoning module SessionServices (470)
[2017.09.18-16.45.12:329][834]LogModuleManager: Shutting down and abandoning module ViewportSnapping (468)
[2017.09.18-16.45.12:329][834]LogModuleManager: Shutting down and abandoning module ViewportInteraction (466)
[2017.09.18-16.45.12:329][834]LogModuleManager: Shutting down and abandoning module ClothPainter (464)
[2017.09.18-16.45.12:329][834]LogModuleManager: Shutting down and abandoning module LogVisualizer (462)
[2017.09.18-16.45.12:329][834]LogModuleManager: Shutting down and abandoning module IntroTutorials (460)
[2017.09.18-16.45.12:330][834]LogModuleManager: Shutting down and abandoning module GameProjectGeneration (459)
[2017.09.18-16.45.12:330][834]LogModuleManager: Shutting down and abandoning module IOSPlatformEditor (456)
[2017.09.18-16.45.12:330][834]LogModuleManager: Shutting down and abandoning module HTML5PlatformEditor (454)
[2017.09.18-16.45.12:330][834]LogModuleManager: Shutting down and abandoning module AndroidPlatformEditor (452)
[2017.09.18-16.45.12:330][834]LogModuleManager: Shutting down and abandoning module AndroidDeviceDetection (451)
[2017.09.18-16.45.12:709][834]LogModuleManager: Shutting down and abandoning module WindowsPlatformEditor (448)
[2017.09.18-16.45.12:709][834]LogModuleManager: Shutting down and abandoning module IOSRuntimeSettings (446)
[2017.09.18-16.45.12:709][834]LogModuleManager: Shutting down and abandoning module AndroidRuntimeSettings (444)
[2017.09.18-16.45.12:709][834]LogModuleManager: Shutting down and abandoning module InputBindingEditor (442)
[2017.09.18-16.45.12:709][834]LogModuleManager: Shutting down and abandoning module MergeActors (440)
[2017.09.18-16.45.12:709][834]LogModuleManager: Shutting down and abandoning module SizeMap (438)
[2017.09.18-16.45.12:709][834]LogModuleManager: Shutting down and abandoning module TreeMap (436)
[2017.09.18-16.45.12:709][834]LogModuleManager: Shutting down and abandoning module ReferenceViewer (434)
[2017.09.18-16.45.12:709][834]LogModuleManager: Shutting down and abandoning module LocalizationDashboard (432)
[2017.09.18-16.45.12:709][834]LogModuleManager: Shutting down and abandoning module LocalizationService (431)
[2017.09.18-16.45.12:709][834]LogModuleManager: Shutting down and abandoning module HardwareTargeting (428)
[2017.09.18-16.45.12:709][834]LogModuleManager: Shutting down and abandoning module DeviceProfileEditor (426)
[2017.09.18-16.45.12:709][834]LogModuleManager: Shutting down and abandoning module UndoHistory (424)
[2017.09.18-16.45.12:709][834]LogModuleManager: Shutting down and abandoning module XmlParser (422)
[2017.09.18-16.45.12:709][834]LogModuleManager: Shutting down and abandoning module Blutility (420)
[2017.09.18-16.45.12:709][834]LogModuleManager: Shutting down and abandoning module ProjectSettingsViewer (418)
[2017.09.18-16.45.12:709][834]LogModuleManager: Shutting down and abandoning module ProjectTargetPlatformEditor (417)
[2017.09.18-16.45.12:709][834]LogModuleManager: Shutting down and abandoning module EditorSettingsViewer (414)
[2017.09.18-16.45.12:709][834]LogModuleManager: Shutting down and abandoning module SettingsEditor (412)
[2017.09.18-16.45.12:710][834]LogModuleManager: Shutting down and abandoning module ProjectLauncher (410)
[2017.09.18-16.45.12:710][834]LogModuleManager: Shutting down and abandoning module SessionFrontend (408)
[2017.09.18-16.45.12:710][834]LogModuleManager: Shutting down and abandoning module ProfilerClient (406)
[2017.09.18-16.45.12:710][834]LogModuleManager: Shutting down and abandoning module DeviceManager (404)
[2017.09.18-16.45.12:710][834]LogModuleManager: Shutting down and abandoning module TargetDeviceServices (403)
[2017.09.18-16.45.12:762][834]LogModuleManager: Shutting down and abandoning module AutomationController (400)
[2017.09.18-16.45.12:762][834]LogModuleManager: Shutting down and abandoning module AutomationWindow (398)
[2017.09.18-16.45.12:762][834]LogModuleManager: Shutting down and abandoning module Layers (396)
[2017.09.18-16.45.12:762][834]LogModuleManager: Shutting down and abandoning module ComponentVisualizers (394)
[2017.09.18-16.45.12:762][834]LogModuleManager: Shutting down and abandoning module DetailCustomizations (392)
[2017.09.18-16.45.12:762][834]LogModuleManager: Shutting down and abandoning module PackagesDialog (390)
[2017.09.18-16.45.12:762][834]LogModuleManager: Shutting down and abandoning module Persona (388)
[2017.09.18-16.45.12:762][834]LogModuleManager: Shutting down and abandoning module AdvancedPreviewScene (387)
[2017.09.18-16.45.12:762][834]LogModuleManager: Shutting down and abandoning module AnimGraph (385)
[2017.09.18-16.45.12:762][834]LogModuleManager: Shutting down and abandoning module Kismet (382)
[2017.09.18-16.45.12:762][834]LogModuleManager: Shutting down and abandoning module ClassViewer (380)
[2017.09.18-16.45.12:762][834]LogModuleManager: Shutting down and abandoning module Toolbox (378)
[2017.09.18-16.45.12:762][834]LogModuleManager: Shutting down and abandoning module ModuleUI (376)
[2017.09.18-16.45.12:762][834]LogModuleManager: Shutting down and abandoning module MovieSceneTools (374)
[2017.09.18-16.45.12:762][834]LogModuleManager: Shutting down and abandoning module OutputLog (372)
[2017.09.18-16.45.12:762][834]LogModuleManager: Shutting down and abandoning module GammaUI (370)
[2017.09.18-16.45.12:762][834]LogModuleManager: Shutting down and abandoning module Documentation (368)
[2017.09.18-16.45.12:762][834]LogModuleManager: Shutting down and abandoning module MovieSceneTracks (366)
[2017.09.18-16.45.12:762][834]LogModuleManager: Shutting down and abandoning module MovieScene (364)
[2017.09.18-16.45.12:762][834]LogModuleManager: Shutting down and abandoning module Niagara (362)
[2017.09.18-16.45.12:762][834]LogModuleManager: Shutting down and abandoning module NiagaraEditor (361)
[2017.09.18-16.45.12:762][834]LogModuleManager: Shutting down and abandoning module StreamingPauseRendering (358)
[2017.09.18-16.45.12:762][834]LogModuleManager: Shutting down and abandoning module LauncherPlatform (356)
[2017.09.18-16.45.12:762][834]LogModuleManager: Shutting down and abandoning module AnalyticsET (354)
[2017.09.18-16.45.12:762][834]LogModuleManager: Shutting down and abandoning module PortalServices (352)
[2017.09.18-16.45.12:762][834]LogModuleManager: Shutting down and abandoning module PortalRpc (350)
[2017.09.18-16.45.12:762][834]LogModuleManager: Shutting down and abandoning module MessagingRpc (348)
[2017.09.18-16.45.12:762][834]LogModuleManager: Shutting down and abandoning module AIModule (346)
[2017.09.18-16.45.12:763][834]LogModuleManager: Shutting down and abandoning module GameplayDebugger (345)
[2017.09.18-16.45.12:763][834]LogModuleManager: Shutting down and abandoning module AITestSuite (343)
[2017.09.18-16.45.12:763][834]LogModuleManager: Shutting down and abandoning module ProfilerService (340)
[2017.09.18-16.45.12:922][834]LogModuleManager: Shutting down and abandoning module TaskGraph (338)
[2017.09.18-16.45.12:922][834]LogModuleManager: Shutting down and abandoning module SubstanceSource (336)
[2017.09.18-16.45.12:922][834]LogModuleManager: Shutting down and abandoning module SubstanceEditor (334)
[2017.09.18-16.45.12:922][834]LogModuleManager: Shutting down and abandoning module SteamVRController (332)
[2017.09.18-16.45.12:922][834]LogModuleManager: Shutting down and abandoning module ProceduralMeshComponentEditor (330)
[2017.09.18-16.45.12:922][834]LogModuleManager: Shutting down and abandoning module ProceduralMeshComponent (328)
[2017.09.18-16.45.12:922][834]LogModuleManager: Shutting down and abandoning module OculusInput (326)
[2017.09.18-16.45.12:922][834]LogModuleManager: Shutting down and abandoning module MobilePatchingUtils (324)
[2017.09.18-16.45.12:922][834]LogModuleManager: Shutting down and abandoning module CustomMeshComponent (322)
[2017.09.18-16.45.12:922][834]LogModuleManager: Shutting down and abandoning module CableComponent (320)
[2017.09.18-16.45.12:922][834]LogModuleManager: Shutting down and abandoning module ArchVisCharacter (318)
[2017.09.18-16.45.12:922][834]LogModuleManager: Shutting down and abandoning module AndroidPermission (316)
[2017.09.18-16.45.12:922][834]LogModuleManager: Shutting down and abandoning module MediaPlayerEditor (312)
[2017.09.18-16.45.12:922][834]LogModuleManager: Shutting down and abandoning module HTML5Networking (310)
[2017.09.18-16.45.12:922][834]LogModuleManager: Shutting down and abandoning module AlembicImporter (308)
[2017.09.18-16.45.12:922][834]LogModuleManager: Shutting down and abandoning module AlembicLibrary (307)
[2017.09.18-16.45.12:922][834]LogModuleManager: Shutting down and abandoning module GeometryCache (306)
[2017.09.18-16.45.12:922][834]LogModuleManager: Shutting down and abandoning module GeometryCacheEd (305)
[2017.09.18-16.45.12:922][834]LogModuleManager: Shutting down and abandoning module SpeedTreeImporter (300)
[2017.09.18-16.45.12:922][834]LogModuleManager: Shutting down and abandoning module PluginBrowser (298)
[2017.09.18-16.45.12:922][834]LogModuleManager: Shutting down and abandoning module MobileLauncherProfileWizard (296)
[2017.09.18-16.45.12:922][834]LogModuleManager: Shutting down and abandoning module VisualStudioSourceCodeAccess (294)
[2017.09.18-16.45.12:922][834]LogModuleManager: Shutting down and abandoning module DesktopPlatform (293)
[2017.09.18-16.45.12:922][834]LogModuleManager: Shutting down and abandoning module UObjectPlugin (290)
[2017.09.18-16.45.12:923][834]LogModuleManager: Shutting down and abandoning module SubversionSourceControl (288)
[2017.09.18-16.45.12:923][834]LogModuleManager: Shutting down and abandoning module PerforceSourceControl (286)
[2017.09.18-16.45.12:923][834]LogModuleManager: Shutting down and abandoning module GitSourceControl (284)
[2017.09.18-16.45.12:923][834]LogModuleManager: Shutting down and abandoning module SourceControl (283)
[2017.09.18-16.45.12:923][834]LogModuleManager: Shutting down and abandoning module LightPropagationVolumeEditor (280)
[2017.09.18-16.45.12:923][834]LogModuleManager: Shutting down and abandoning module PaperTiledImporter (278)
[2017.09.18-16.45.12:923][834]LogModuleManager: Shutting down and abandoning module PaperSpriteSheetImporter (276)
[2017.09.18-16.45.12:923][834]LogModuleManager: Shutting down and abandoning module Paper2DEditor (274)
[2017.09.18-16.45.12:923][834]LogModuleManager: Shutting down and abandoning module MeshPaint (273)
[2017.09.18-16.45.12:923][834]LogModuleManager: Shutting down and abandoning module LevelEditor (271)
[2017.09.18-16.45.12:923][834]LogModuleManager: Shutting down and abandoning module PixelInspectorModule (270)
[2017.09.18-16.45.12:923][834]LogModuleManager: Shutting down and abandoning module MainFrame (268)
[2017.09.18-16.45.12:923][834]LogModuleManager: Shutting down and abandoning module HotReload (267)
[2017.09.18-16.45.12:924][834]LogModuleManager: Shutting down and abandoning module RuntimePhysXCooking (262)
[2017.09.18-16.45.12:924][834]LogModuleManager: Shutting down and abandoning module PhysXVehiclesEditor (260)
[2017.09.18-16.45.12:924][834]LogModuleManager: Shutting down and abandoning module PhysXVehicles (258)
[2017.09.18-16.45.12:924][834]LogModuleManager: Shutting down and abandoning module OculusEditor (256)
[2017.09.18-16.45.12:924][834]LogModuleManager: Shutting down and abandoning module LocationServicesBPLibrary (254)
[2017.09.18-16.45.12:924][834]LogModuleManager: Shutting down and abandoning module ImmediatePhysicsEditor (252)
[2017.09.18-16.45.12:924][834]LogModuleManager: Shutting down and abandoning module ImmediatePhysics (250)
[2017.09.18-16.45.12:924][834]LogModuleManager: Shutting down and abandoning module UdpMessaging (248)
[2017.09.18-16.45.13:025][834]LogModuleManager: Shutting down and abandoning module TcpMessaging (246)
[2017.09.18-16.45.13:125][834]LogModuleManager: Shutting down and abandoning module SubstanceCore (244)
[2017.09.18-16.45.13:125][834]LogModuleManager: Shutting down and abandoning module GameplayTagsEditor (242)
[2017.09.18-16.45.13:125][834]LogModuleManager: Shutting down and abandoning module FacialAnimationEditor (240)
[2017.09.18-16.45.13:125][834]LogModuleManager: Shutting down and abandoning module FacialAnimation (238)
[2017.09.18-16.45.13:125][834]LogModuleManager: Shutting down and abandoning module AssetManagerEditor (236)
[2017.09.18-16.45.13:125][834]LogModuleManager: Shutting down and abandoning module GraphEditor (235)
[2017.09.18-16.45.13:125][834]LogModuleManager: Shutting down and abandoning module ContentBrowser (233)
[2017.09.18-16.45.13:125][834]LogModuleManager: Shutting down and abandoning module LightPropagationVolumeRuntime (230)
[2017.09.18-16.45.13:125][834]LogModuleManager: Shutting down and abandoning module Paper2D (228)
[2017.09.18-16.45.13:125][834]LogModuleManager: Shutting down and abandoning module WindowsMoviePlayer (226)
[2017.09.18-16.45.13:125][834]LogModuleManager: Shutting down and abandoning module WmfMedia (224)
[2017.09.18-16.45.13:126][834]LogModuleManager: Shutting down and abandoning module PacketHandler (222)
[2017.09.18-16.45.13:126][834]LogModuleManager: Shutting down and abandoning module ClothingSystemEditor (220)
[2017.09.18-16.45.13:126][834]LogModuleManager: Shutting down and abandoning module ClothingSystemRuntime (218)
[2017.09.18-16.45.13:126][834]LogModuleManager: Shutting down and abandoning module Overlay (216)
[2017.09.18-16.45.13:126][834]LogModuleManager: Shutting down and abandoning module OverlayEditor (215)
[2017.09.18-16.45.13:126][834]LogModuleManager: Shutting down and abandoning module MediaAssets (212)
[2017.09.18-16.45.13:126][834]LogModuleManager: Shutting down and abandoning module VREditor (210)
[2017.09.18-16.45.13:126][834]LogModuleManager: Shutting down and abandoning module StringTableEditor (208)
[2017.09.18-16.45.13:126][834]LogModuleManager: Shutting down and abandoning module GameplayTasksEditor (206)
[2017.09.18-16.45.13:126][834]LogModuleManager: Shutting down and abandoning module BehaviorTreeEditor (204)
[2017.09.18-16.45.13:126][834]LogModuleManager: Shutting down and abandoning module FunctionalTesting (202)
[2017.09.18-16.45.13:126][834]LogModuleManager: Shutting down and abandoning module CollisionAnalyzer (200)
[2017.09.18-16.45.13:126][834]LogModuleManager: Shutting down and abandoning module WorkspaceMenuStructure (199)
[2017.09.18-16.45.13:126][834]LogModuleManager: Shutting down and abandoning module UMG (196)
[2017.09.18-16.45.13:126][834]LogModuleManager: Shutting down and abandoning module UMGEditor (195)
[2017.09.18-16.45.13:126][834]LogModuleManager: Shutting down and abandoning module Sequencer (194)
[2017.09.18-16.45.13:126][834]LogModuleManager: Shutting down and abandoning module MessageLog (191)
[2017.09.18-16.45.13:126][834]LogModuleManager: Shutting down and abandoning module SlateReflector (186)
[2017.09.18-16.45.13:126][834]LogModuleManager: Shutting down and abandoning module Slate (184)
[2017.09.18-16.45.13:126][834]LogModuleManager: Shutting down and abandoning module EditorStyle (182)
[2017.09.18-16.45.13:127][834]LogModuleManager: Shutting down and abandoning module MRMesh (180)
[2017.09.18-16.45.13:127][834]LogModuleManager: Shutting down and abandoning module SourceCodeAccess (178)
[2017.09.18-16.45.13:127][834]LogModuleManager: Shutting down and abandoning module HeadMountedDisplay (176)
[2017.09.18-16.45.13:127][834]LogModuleManager: Shutting down and abandoning module XAudio2 (174)
[2017.09.18-16.45.13:127][834]LogModuleManager: Shutting down and abandoning module Networking (172)
[2017.09.18-16.45.13:127][834]LogModuleManager: Shutting down and abandoning module Core (168)
[2017.09.18-16.45.13:127][834]LogModuleManager: Shutting down and abandoning module KismetCompiler (164)
[2017.09.18-16.45.13:127][834]LogModuleManager: Shutting down and abandoning module LevelSequence (162)
[2017.09.18-16.45.13:127][834]LogModuleManager: Shutting down and abandoning module MeshUtilities (160)
[2017.09.18-16.45.13:128][834]LogModuleManager: Shutting down and abandoning module MeshMergeUtilities (159)
[2017.09.18-16.45.13:128][834]LogModuleManager: Shutting down and abandoning module MeshReductionInterface (158)
[2017.09.18-16.45.13:128][834]LogModuleManager: Shutting down and abandoning module SimplygonSwarm (157)
[2017.09.18-16.45.13:128][834]LogModuleManager: Shutting down and abandoning module SimplygonMeshReduction (155)
[2017.09.18-16.45.13:128][834]LogModuleManager: Shutting down and abandoning module QuadricMeshReduction (153)
[2017.09.18-16.45.13:128][834]LogModuleManager: Shutting down and abandoning module MaterialBaking (149)
[2017.09.18-16.45.13:128][834]LogModuleManager: Shutting down and abandoning module DirectoryWatcher (146)
[2017.09.18-16.45.13:128][834]LogModuleManager: Shutting down and abandoning module DerivedDataCache (144)
[2017.09.18-16.45.13:492][834]LogDerivedDataCache: Shutdown
[2017.09.18-16.45.13:492][834]LogModuleManager: Shutting down and abandoning module TargetPlatform (142)
[2017.09.18-16.45.13:492][834]LogModuleManager: Shutting down and abandoning module VulkanShaderFormat (141)
[2017.09.18-16.45.13:492][834]LogModuleManager: Shutting down and abandoning module ShaderFormatVectorVM (139)
[2017.09.18-16.45.13:492][834]LogModuleManager: Shutting down and abandoning module ShaderFormatOpenGL (137)
[2017.09.18-16.45.13:492][834]LogModuleManager: Shutting down and abandoning module ShaderFormatD3D (135)
[2017.09.18-16.45.13:492][834]LogModuleManager: Shutting down and abandoning module MetalShaderFormat (133)
[2017.09.18-16.45.13:492][834]LogModuleManager: Shutting down and abandoning module TextureFormatUncompressed (131)
[2017.09.18-16.45.13:492][834]LogModuleManager: Shutting down and abandoning module TextureFormatPVR (129)
[2017.09.18-16.45.13:492][834]LogModuleManager: Shutting down and abandoning module TextureFormatDXT (127)
[2017.09.18-16.45.13:492][834]LogModuleManager: Shutting down and abandoning module TextureFormatIntelISPCTexComp (125)
[2017.09.18-16.45.13:492][834]LogModuleManager: Shutting down and abandoning module TextureFormatASTC (123)
[2017.09.18-16.45.13:492][834]LogModuleManager: Shutting down and abandoning module ImageWrapper (122)
[2017.09.18-16.45.13:492][834]LogModuleManager: Shutting down and abandoning module TextureFormatAndroid (119)
[2017.09.18-16.45.13:492][834]LogModuleManager: Shutting down and abandoning module AudioFormatOpus (117)
[2017.09.18-16.45.13:492][834]LogModuleManager: Shutting down and abandoning module AudioFormatOgg (115)
[2017.09.18-16.45.13:492][834]LogModuleManager: Shutting down and abandoning module AudioFormatADPCM (113)
[2017.09.18-16.45.13:492][834]LogModuleManager: Shutting down and abandoning module LinuxTargetPlatform (111)
[2017.09.18-16.45.13:492][834]LogModuleManager: Shutting down and abandoning module LinuxServerTargetPlatform (109)
[2017.09.18-16.45.13:492][834]LogModuleManager: Shutting down and abandoning module LinuxNoEditorTargetPlatform (107)
[2017.09.18-16.45.13:492][834]LogModuleManager: Shutting down and abandoning module LinuxClientTargetPlatform (105)
[2017.09.18-16.45.13:492][834]LogModuleManager: Shutting down and abandoning module TVOSTargetPlatform (103)
[2017.09.18-16.45.13:492][834]LogModuleManager: Shutting down and abandoning module Messaging (101)
[2017.09.18-16.45.13:492][834]LogModuleManager: Shutting down and abandoning module IOSTargetPlatform (99)
[2017.09.18-16.45.13:492][834]LogModuleManager: Shutting down and abandoning module HTML5TargetPlatform (97)
[2017.09.18-16.45.13:492][834]LogModuleManager: Shutting down and abandoning module Android_PVRTCTargetPlatform (95)
[2017.09.18-16.45.13:492][834]LogModuleManager: Shutting down and abandoning module Android_MultiTargetPlatform (93)
[2017.09.18-16.45.13:492][834]LogModuleManager: Shutting down and abandoning module Android_ETC2TargetPlatform (91)
[2017.09.18-16.45.13:492][834]LogModuleManager: Shutting down and abandoning module Android_ETC1TargetPlatform (89)
[2017.09.18-16.45.13:492][834]LogModuleManager: Shutting down and abandoning module Android_DXTTargetPlatform (87)
[2017.09.18-16.45.13:492][834]LogModuleManager: Shutting down and abandoning module Android_ATCTargetPlatform (85)
[2017.09.18-16.45.13:493][834]LogModuleManager: Shutting down and abandoning module Android_ASTCTargetPlatform (83)
[2017.09.18-16.45.13:493][834]LogModuleManager: Shutting down and abandoning module AndroidTargetPlatform (81)
[2017.09.18-16.45.13:493][834]LogModuleManager: Shutting down and abandoning module WindowsTargetPlatform (79)
[2017.09.18-16.45.13:493][834]LogModuleManager: Shutting down and abandoning module WindowsServerTargetPlatform (77)
[2017.09.18-16.45.13:493][834]LogModuleManager: Shutting down and abandoning module WindowsNoEditorTargetPlatform (75)
[2017.09.18-16.45.13:493][834]LogModuleManager: Shutting down and abandoning module WindowsClientTargetPlatform (73)
[2017.09.18-16.45.13:493][834]LogModuleManager: Shutting down and abandoning module MacTargetPlatform (71)
[2017.09.18-16.45.13:493][834]LogModuleManager: Shutting down and abandoning module MacServerTargetPlatform (69)
[2017.09.18-16.45.13:493][834]LogModuleManager: Shutting down and abandoning module MacNoEditorTargetPlatform (67)
[2017.09.18-16.45.13:493][834]LogModuleManager: Shutting down and abandoning module MacClientTargetPlatform (65)
[2017.09.18-16.45.13:493][834]LogModuleManager: Shutting down and abandoning module AllDesktopTargetPlatform (63)
[2017.09.18-16.45.13:493][834]LogModuleManager: Shutting down and abandoning module InputCore (60)
[2017.09.18-16.45.13:493][834]LogModuleManager: Shutting down and abandoning module Settings (58)
[2017.09.18-16.45.13:493][834]LogModuleManager: Shutting down and abandoning module PhysXCooking (56)
[2017.09.18-16.45.13:493][834]LogModuleManager: Shutting down and abandoning module SteamVR (54)
[2017.09.18-16.45.13:493][834]LogModuleManager: Shutting down and abandoning module OculusHMD (52)
[2017.09.18-16.45.13:493][834]LogModuleManager: Shutting down and abandoning module ExampleDeviceProfileSelector (50)
[2017.09.18-16.45.13:493][834]LogModuleManager: Shutting down and abandoning module OnlineBlueprintSupport (48)
[2017.09.18-16.45.13:493][834]LogModuleManager: Shutting down and abandoning module OnlineSubsystem (44)
[2017.09.18-16.45.13:493][834]LogOnline: Display: Unloading online subsystem: NULL
[2017.09.18-16.45.13:493][834]LogModuleManager: Shutting down and abandoning module XMPP (43)
[2017.09.18-16.45.13:493][834]LogModuleManager: Shutting down and abandoning module HTTP (41)
[2017.09.18-16.45.13:493][834]LogHttp: Display: Http module shutting down, but needs to wait on 1 outstanding Http requests:
[2017.09.18-16.45.13:493][834]LogHttp: Display: 	verb=[POST] url=[https://datarouter.ol.epicgames.com/datarouter/api/v1/public/data?SessionID=%7B138794D7-4714-FF25-D171-1598EB18597A%7D&AppID=UEEditor.Rocket.Release&AppVersion=4.17.1-3586342%2B%2B%2BUE4%2BRelease-4.17&UserID=80e556ea4f294f5880807c859242e18b%7C44a5bbd9b4c047bebee3ff75b3de2876%7Cc931ec47-2b88-4fbb-ae5f-78644b48dc63&AppEnvironment=datacollector-binary&UploadType=eteventstream] status=Processing
[2017.09.18-16.45.13:514][834]LogModuleManager: Shutting down and abandoning module SSL (40)
[2017.09.18-16.45.13:515][834]LogModuleManager: Shutting down and abandoning module AnimationModifiers (36)
[2017.09.18-16.45.13:515][834]LogModuleManager: Shutting down and abandoning module PropertyEditor (35)
[2017.09.18-16.45.13:515][834]LogModuleManager: Shutting down and abandoning module AudioEditor (32)
[2017.09.18-16.45.13:515][834]LogModuleManager: Shutting down and abandoning module TextureCompressor (30)
[2017.09.18-16.45.13:515][834]LogModuleManager: Shutting down and abandoning module ShaderCore (28)
[2017.09.18-16.45.13:515][834]LogModuleManager: Shutting down and abandoning module Landscape (26)
[2017.09.18-16.45.13:515][834]LogModuleManager: Shutting down and abandoning module SlateRHIRenderer (24)
[2017.09.18-16.45.13:515][834]LogModuleManager: Shutting down and abandoning module OpenGLDrv (22)
[2017.09.18-16.45.13:516][834]LogModuleManager: Shutting down and abandoning module D3D11RHI (20)
[2017.09.18-16.45.13:516][834]LogModuleManager: Shutting down and abandoning module AnimGraphRuntime (18)
[2017.09.18-16.45.13:516][834]LogModuleManager: Shutting down and abandoning module Renderer (16)
[2017.09.18-16.45.13:516][834]LogModuleManager: Shutting down and abandoning module Engine (14)
[2017.09.18-16.45.13:516][834]LogModuleManager: Shutting down and abandoning module CoreUObject (12)
[2017.09.18-16.45.13:516][834]LogModuleManager: Shutting down and abandoning module NetworkFile (10)
[2017.09.18-16.45.13:516][834]LogModuleManager: Shutting down and abandoning module CookedIterativeFile (8)
[2017.09.18-16.45.13:516][834]LogModuleManager: Shutting down and abandoning module StreamingFile (6)
[2017.09.18-16.45.13:516][834]LogModuleManager: Shutting down and abandoning module SandboxFile (4)
[2017.09.18-16.45.13:516][834]LogModuleManager: Shutting down and abandoning module PakFile (2)
[2017.09.18-16.45.13:518][834]LogExit: Exiting.
[2017.09.18-16.45.13:527][834]Log file closed, 09/18/17 17:45:13
